[08:51:47] [main/INFO] [GradleStart]: username: TheChromeCrafter
[08:51:47] [main/INFO] [GradleStart]: Extra: []
[08:51:47] [main/INFO] [GradleStart]: Running with arguments: [--userProperties, {}, --username, TheChromeCrafter, --tweakClass, cpw.mods.fml.common.launcher.FMLTweaker, --accessToken, FML, --assetIndex, 1.7.10, --assetsDir, C:/Users/monto_000/.gradle/caches/minecraft/assets, --version, 1.7.10]
[08:51:47] [main/INFO] [LaunchWrapper]: Loading tweak class name cpw.mods.fml.common.launcher.FMLTweaker
[08:51:47] [main/INFO] [LaunchWrapper]: Using primary tweak class name cpw.mods.fml.common.launcher.FMLTweaker
[08:51:47] [main/INFO] [LaunchWrapper]: Calling tweak class cpw.mods.fml.common.launcher.FMLTweaker
[08:54:58] [main/INFO] [GradleStart]: username: TheChromeCrafter
[08:54:58] [main/INFO] [GradleStart]: Extra: []
[08:54:58] [main/INFO] [GradleStart]: Running with arguments: [--userProperties, {}, --username, TheChromeCrafter, --tweakClass, cpw.mods.fml.common.launcher.FMLTweaker, --accessToken, FML, --assetIndex, 1.7.10, --assetsDir, C:/Users/monto_000/.gradle/caches/minecraft/assets, --version, 1.7.10]
[08:54:58] [main/INFO] [LaunchWrapper]: Loading tweak class name cpw.mods.fml.common.launcher.FMLTweaker
[08:54:58] [main/INFO] [LaunchWrapper]: Using primary tweak class name cpw.mods.fml.common.launcher.FMLTweaker
[08:54:58] [main/INFO] [LaunchWrapper]: Calling tweak class cpw.mods.fml.common.launcher.FMLTweaker
[09:02:24] [main/INFO] [GradleStart]: username: TheChromeCrafter
[09:02:24] [main/INFO] [GradleStart]: Extra: []
[09:02:24] [main/INFO] [GradleStart]: Running with arguments: [--userProperties, {}, --username, TheChromeCrafter, --tweakClass, cpw.mods.fml.common.launcher.FMLTweaker, --accessToken, FML, --assetIndex, 1.7.10, --assetsDir, C:/Users/monto_000/.gradle/caches/minecraft/assets, --version, 1.7.10]
[09:02:24] [main/INFO] [LaunchWrapper]: Loading tweak class name cpw.mods.fml.common.launcher.FMLTweaker
[09:02:24] [main/INFO] [LaunchWrapper]: Using primary tweak class name cpw.mods.fml.common.launcher.FMLTweaker
[09:02:24] [main/INFO] [LaunchWrapper]: Calling tweak class cpw.mods.fml.common.launcher.FMLTweaker
[09:29:11] [main/INFO] [GradleStart]: username: TheChromeCrafter
[09:29:11] [main/INFO] [GradleStart]: Extra: []
[09:29:11] [main/INFO] [GradleStart]: Running with arguments: [--userProperties, {}, --username, TheChromeCrafter, --tweakClass, cpw.mods.fml.common.launcher.FMLTweaker, --accessToken, FML, --assetIndex, 1.7.10, --assetsDir, C:/Users/monto_000/.gradle/caches/minecraft/assets, --version, 1.7.10]
[09:29:11] [main/INFO] [LaunchWrapper]: Loading tweak class name cpw.mods.fml.common.launcher.FMLTweaker
[09:29:11] [main/INFO] [LaunchWrapper]: Using primary tweak class name cpw.mods.fml.common.launcher.FMLTweaker
[09:29:11] [main/INFO] [LaunchWrapper]: Calling tweak class cpw.mods.fml.common.launcher.FMLTweaker
[09:47:49] [main/INFO] [GradleStart]: username: TheChromeCrafter
[09:47:49] [main/INFO] [GradleStart]: Extra: []
[09:47:49] [main/INFO] [GradleStart]: Running with arguments: [--userProperties, {}, --username, TheChromeCrafter, --tweakClass, cpw.mods.fml.common.launcher.FMLTweaker, --accessToken, FML, --assetIndex, 1.7.10, --assetsDir, C:/Users/monto_000/.gradle/caches/minecraft/assets, --version, 1.7.10]
[09:47:49] [main/INFO] [LaunchWrapper]: Loading tweak class name cpw.mods.fml.common.launcher.FMLTweaker
[09:47:49] [main/INFO] [LaunchWrapper]: Using primary tweak class name cpw.mods.fml.common.launcher.FMLTweaker
[09:47:49] [main/INFO] [LaunchWrapper]: Calling tweak class cpw.mods.fml.common.launcher.FMLTweaker
[11:16:32] [main/INFO] [GradleStart]: username: TheChromeCrafter
[11:16:32] [main/INFO] [GradleStart]: Extra: []
[11:16:32] [main/INFO] [GradleStart]: Running with arguments: [--userProperties, {}, --username, TheChromeCrafter, --tweakClass, cpw.mods.fml.common.launcher.FMLTweaker, --accessToken, FML, --assetIndex, 1.7.10, --assetsDir, C:/Users/monto_000/.gradle/caches/minecraft/assets, --version, 1.7.10]
[11:16:32] [main/INFO] [LaunchWrapper]: Loading tweak class name cpw.mods.fml.common.launcher.FMLTweaker
[11:16:32] [main/INFO] [LaunchWrapper]: Using primary tweak class name cpw.mods.fml.common.launcher.FMLTweaker
[11:16:32] [main/INFO] [LaunchWrapper]: Calling tweak class cpw.mods.fml.common.launcher.FMLTweaker
[11:19:26] [main/INFO] [GradleStart]: username: TheChromeCrafter
[11:19:26] [main/INFO] [GradleStart]: Extra: []
[11:19:26] [main/INFO] [GradleStart]: Running with arguments: [--userProperties, {}, --username, TheChromeCrafter, --tweakClass, cpw.mods.fml.common.launcher.FMLTweaker, --accessToken, FML, --assetIndex, 1.7.10, --assetsDir, C:/Users/monto_000/.gradle/caches/minecraft/assets, --version, 1.7.10]
[11:19:26] [main/INFO] [LaunchWrapper]: Loading tweak class name cpw.mods.fml.common.launcher.FMLTweaker
[11:19:26] [main/INFO] [LaunchWrapper]: Using primary tweak class name cpw.mods.fml.common.launcher.FMLTweaker
[11:19:26] [main/INFO] [LaunchWrapper]: Calling tweak class cpw.mods.fml.common.launcher.FMLTweaker
[11:21:03] [main/INFO] [GradleStart]: username: TheChromeCrafter
[11:21:03] [main/INFO] [GradleStart]: Extra: []
[11:21:03] [main/INFO] [GradleStart]: Running with arguments: [--userProperties, {}, --username, TheChromeCrafter, --tweakClass, cpw.mods.fml.common.launcher.FMLTweaker, --accessToken, FML, --assetIndex, 1.7.10, --assetsDir, C:/Users/monto_000/.gradle/caches/minecraft/assets, --version, 1.7.10]
[11:21:03] [main/INFO] [LaunchWrapper]: Loading tweak class name cpw.mods.fml.common.launcher.FMLTweaker
[11:21:03] [main/INFO] [LaunchWrapper]: Using primary tweak class name cpw.mods.fml.common.launcher.FMLTweaker
[11:21:03] [main/INFO] [LaunchWrapper]: Calling tweak class cpw.mods.fml.common.launcher.FMLTweaker
[11:22:23] [main/INFO] [GradleStart]: username: TheChromeCrafter
[11:22:23] [main/INFO] [GradleStart]: Extra: []
[11:22:23] [main/INFO] [GradleStart]: Running with arguments: [--userProperties, {}, --username, TheChromeCrafter, --tweakClass, cpw.mods.fml.common.launcher.FMLTweaker, --accessToken, FML, --assetIndex, 1.7.10, --assetsDir, C:/Users/monto_000/.gradle/caches/minecraft/assets, --version, 1.7.10]
[11:22:23] [main/INFO] [LaunchWrapper]: Loading tweak class name cpw.mods.fml.common.launcher.FMLTweaker
[11:22:23] [main/INFO] [LaunchWrapper]: Using primary tweak class name cpw.mods.fml.common.launcher.FMLTweaker
[11:22:23] [main/INFO] [LaunchWrapper]: Calling tweak class cpw.mods.fml.common.launcher.FMLTweaker
[11:23:27] [main/INFO] [GradleStart]: username: TheChromeCrafter
[11:23:27] [main/INFO] [GradleStart]: Extra: []
[11:23:27] [main/INFO] [GradleStart]: Running with arguments: [--userProperties, {}, --username, TheChromeCrafter, --tweakClass, cpw.mods.fml.common.launcher.FMLTweaker, --accessToken, FML, --assetIndex, 1.7.10, --assetsDir, C:/Users/monto_000/.gradle/caches/minecraft/assets, --version, 1.7.10]
[11:23:27] [main/INFO] [LaunchWrapper]: Loading tweak class name cpw.mods.fml.common.launcher.FMLTweaker
[11:23:27] [main/INFO] [LaunchWrapper]: Using primary tweak class name cpw.mods.fml.common.launcher.FMLTweaker
[11:23:27] [main/INFO] [LaunchWrapper]: Calling tweak class cpw.mods.fml.common.launcher.FMLTweaker
[11:25:44] [main/INFO] [GradleStart]: username: TheChromeCrafter
[11:25:44] [main/INFO] [GradleStart]: Extra: []
[11:25:44] [main/INFO] [GradleStart]: Running with arguments: [--userProperties, {}, --username, TheChromeCrafter, --tweakClass, cpw.mods.fml.common.launcher.FMLTweaker, --accessToken, FML, --assetIndex, 1.7.10, --assetsDir, C:/Users/monto_000/.gradle/caches/minecraft/assets, --version, 1.7.10]
[11:25:44] [main/INFO] [LaunchWrapper]: Loading tweak class name cpw.mods.fml.common.launcher.FMLTweaker
[11:25:44] [main/INFO] [LaunchWrapper]: Using primary tweak class name cpw.mods.fml.common.launcher.FMLTweaker
[11:25:44] [main/INFO] [LaunchWrapper]: Calling tweak class cpw.mods.fml.common.launcher.FMLTweaker
[11:49:24] [main/INFO] [GradleStart]: username: TheChromeCrafter
[11:49:24] [main/INFO] [GradleStart]: Extra: []
[11:49:24] [main/INFO] [GradleStart]: Running with arguments: [--userProperties, {}, --username, TheChromeCrafter, --tweakClass, cpw.mods.fml.common.launcher.FMLTweaker, --accessToken, FML, --assetIndex, 1.7.10, --assetsDir, C:/Users/monto_000/.gradle/caches/minecraft/assets, --version, 1.7.10]
[11:49:24] [main/INFO] [LaunchWrapper]: Loading tweak class name cpw.mods.fml.common.launcher.FMLTweaker
[11:49:24] [main/INFO] [LaunchWrapper]: Using primary tweak class name cpw.mods.fml.common.launcher.FMLTweaker
[11:49:24] [main/INFO] [LaunchWrapper]: Calling tweak class cpw.mods.fml.common.launcher.FMLTweaker
[12:55:54] [main/INFO] [GradleStart]: username: TheChromeCrafter
[12:55:54] [main/INFO] [GradleStart]: Extra: []
[12:55:54] [main/INFO] [GradleStart]: Running with arguments: [--userProperties, {}, --username, TheChromeCrafter, --tweakClass, cpw.mods.fml.common.launcher.FMLTweaker, --accessToken, FML, --assetIndex, 1.7.10, --assetsDir, C:/Users/monto_000/.gradle/caches/minecraft/assets, --version, 1.7.10]
[12:55:54] [main/INFO] [LaunchWrapper]: Loading tweak class name cpw.mods.fml.common.launcher.FMLTweaker
[12:55:54] [main/INFO] [LaunchWrapper]: Using primary tweak class name cpw.mods.fml.common.launcher.FMLTweaker
[12:55:54] [main/INFO] [LaunchWrapper]: Calling tweak class cpw.mods.fml.common.launcher.FMLTweaker
[13:47:25] [main/INFO] [GradleStart]: username: TheChromeCrafter
[13:47:25] [main/INFO] [GradleStart]: Extra: []
[13:47:25] [main/INFO] [GradleStart]: Running with arguments: [--userProperties, {}, --username, TheChromeCrafter, --tweakClass, cpw.mods.fml.common.launcher.FMLTweaker, --accessToken, FML, --assetIndex, 1.7.10, --assetsDir, C:/Users/monto_000/.gradle/caches/minecraft/assets, --version, 1.7.10]
[13:47:25] [main/INFO] [LaunchWrapper]: Loading tweak class name cpw.mods.fml.common.launcher.FMLTweaker
[13:47:25] [main/INFO] [LaunchWrapper]: Using primary tweak class name cpw.mods.fml.common.launcher.FMLTweaker
[13:47:25] [main/INFO] [LaunchWrapper]: Calling tweak class cpw.mods.fml.common.launcher.FMLTweaker
[13:50:13] [main/INFO] [GradleStart]: username: TheChromeCrafter
[13:50:13] [main/INFO] [GradleStart]: Extra: []
[13:50:13] [main/INFO] [GradleStart]: Running with arguments: [--userProperties, {}, --username, TheChromeCrafter, --tweakClass, cpw.mods.fml.common.launcher.FMLTweaker, --accessToken, FML, --assetIndex, 1.7.10, --assetsDir, C:/Users/monto_000/.gradle/caches/minecraft/assets, --version, 1.7.10]
[13:50:13] [main/INFO] [LaunchWrapper]: Loading tweak class name cpw.mods.fml.common.launcher.FMLTweaker
[13:50:13] [main/INFO] [LaunchWrapper]: Using primary tweak class name cpw.mods.fml.common.launcher.FMLTweaker
[13:50:13] [main/INFO] [LaunchWrapper]: Calling tweak class cpw.mods.fml.common.launcher.FMLTweaker
[13:58:28] [main/INFO] [GradleStart]: username: TheChromeCrafter
[13:58:28] [main/INFO] [GradleStart]: Extra: []
[13:58:28] [main/INFO] [GradleStart]: Running with arguments: [--userProperties, {}, --username, TheChromeCrafter, --tweakClass, cpw.mods.fml.common.launcher.FMLTweaker, --accessToken, FML, --assetIndex, 1.7.10, --assetsDir, C:/Users/monto_000/.gradle/caches/minecraft/assets, --version, 1.7.10]
[13:58:28] [main/INFO] [LaunchWrapper]: Loading tweak class name cpw.mods.fml.common.launcher.FMLTweaker
[13:58:28] [main/INFO] [LaunchWrapper]: Using primary tweak class name cpw.mods.fml.common.launcher.FMLTweaker
[13:58:28] [main/INFO] [LaunchWrapper]: Calling tweak class cpw.mods.fml.common.launcher.FMLTweaker
[14:07:06] [main/INFO] [GradleStart]: username: TheChromeCrafter
[14:07:06] [main/INFO] [GradleStart]: Extra: []
[14:07:06] [main/INFO] [GradleStart]: Running with arguments: [--userProperties, {}, --username, TheChromeCrafter, --tweakClass, cpw.mods.fml.common.launcher.FMLTweaker, --accessToken, FML, --assetIndex, 1.7.10, --assetsDir, C:/Users/monto_000/.gradle/caches/minecraft/assets, --version, 1.7.10]
[14:07:06] [main/INFO] [LaunchWrapper]: Loading tweak class name cpw.mods.fml.common.launcher.FMLTweaker
[14:07:06] [main/INFO] [LaunchWrapper]: Using primary tweak class name cpw.mods.fml.common.launcher.FMLTweaker
[14:07:06] [main/INFO] [LaunchWrapper]: Calling tweak class cpw.mods.fml.common.launcher.FMLTweaker
[14:51:40] [main/INFO] [GradleStart]: username: TheChromeCrafter
[14:51:40] [main/INFO] [GradleStart]: Extra: []
[14:51:40] [main/INFO] [GradleStart]: Running with arguments: [--userProperties, {}, --username, TheChromeCrafter, --tweakClass, cpw.mods.fml.common.launcher.FMLTweaker, --accessToken, FML, --assetIndex, 1.7.10, --assetsDir, C:/Users/monto_000/.gradle/caches/minecraft/assets, --version, 1.7.10]
[14:51:40] [main/INFO] [LaunchWrapper]: Loading tweak class name cpw.mods.fml.common.launcher.FMLTweaker
[14:51:40] [main/INFO] [LaunchWrapper]: Using primary tweak class name cpw.mods.fml.common.launcher.FMLTweaker
[14:51:40] [main/INFO] [LaunchWrapper]: Calling tweak class cpw.mods.fml.common.launcher.FMLTweaker
[15:25:19] [main/INFO] [GradleStart]: username: TheChromeCrafter
[15:25:19] [main/INFO] [GradleStart]: Extra: []
[15:25:19] [main/INFO] [GradleStart]: Running with arguments: [--userProperties, {}, --username, TheChromeCrafter, --tweakClass, cpw.mods.fml.common.launcher.FMLTweaker, --accessToken, FML, --assetIndex, 1.7.10, --assetsDir, C:/Users/monto_000/.gradle/caches/minecraft/assets, --version, 1.7.10]
[15:25:19] [main/INFO] [LaunchWrapper]: Loading tweak class name cpw.mods.fml.common.launcher.FMLTweaker
[15:25:19] [main/INFO] [LaunchWrapper]: Using primary tweak class name cpw.mods.fml.common.launcher.FMLTweaker
[15:25:19] [main/INFO] [LaunchWrapper]: Calling tweak class cpw.mods.fml.common.launcher.FMLTweaker
[15:26:17] [main/INFO] [GradleStart]: username: TheChromeCrafter
[15:26:17] [main/INFO] [GradleStart]: Extra: []
[15:26:17] [main/INFO] [GradleStart]: Running with arguments: [--userProperties, {}, --username, TheChromeCrafter, --tweakClass, cpw.mods.fml.common.launcher.FMLTweaker, --accessToken, FML, --assetIndex, 1.7.10, --assetsDir, C:/Users/monto_000/.gradle/caches/minecraft/assets, --version, 1.7.10]
[15:26:17] [main/INFO] [LaunchWrapper]: Loading tweak class name cpw.mods.fml.common.launcher.FMLTweaker
[15:26:17] [main/INFO] [LaunchWrapper]: Using primary tweak class name cpw.mods.fml.common.launcher.FMLTweaker
[15:26:17] [main/INFO] [LaunchWrapper]: Calling tweak class cpw.mods.fml.common.launcher.FMLTweaker
[15:29:21] [main/INFO] [GradleStart]: username: TheChromeCrafter
[15:29:21] [main/INFO] [GradleStart]: Extra: []
[15:29:21] [main/INFO] [GradleStart]: Running with arguments: [--userProperties, {}, --username, TheChromeCrafter, --tweakClass, cpw.mods.fml.common.launcher.FMLTweaker, --accessToken, FML, --assetIndex, 1.7.10, --assetsDir, C:/Users/monto_000/.gradle/caches/minecraft/assets, --version, 1.7.10]
[15:29:21] [main/INFO] [LaunchWrapper]: Loading tweak class name cpw.mods.fml.common.launcher.FMLTweaker
[15:29:21] [main/INFO] [LaunchWrapper]: Using primary tweak class name cpw.mods.fml.common.launcher.FMLTweaker
[15:29:21] [main/INFO] [LaunchWrapper]: Calling tweak class cpw.mods.fml.common.launcher.FMLTweaker
[15:30:55] [main/INFO] [GradleStart]: username: TheChromeCrafter
[15:30:55] [main/INFO] [GradleStart]: Extra: []
[15:30:55] [main/INFO] [GradleStart]: Running with arguments: [--userProperties, {}, --username, TheChromeCrafter, --tweakClass, cpw.mods.fml.common.launcher.FMLTweaker, --accessToken, FML, --assetIndex, 1.7.10, --assetsDir, C:/Users/monto_000/.gradle/caches/minecraft/assets, --version, 1.7.10]
[15:30:55] [main/INFO] [LaunchWrapper]: Loading tweak class name cpw.mods.fml.common.launcher.FMLTweaker
[15:30:55] [main/INFO] [LaunchWrapper]: Using primary tweak class name cpw.mods.fml.common.launcher.FMLTweaker
[15:30:55] [main/INFO] [LaunchWrapper]: Calling tweak class cpw.mods.fml.common.launcher.FMLTweaker
[15:32:39] [main/INFO] [GradleStart]: username: TheChromeCrafter
[15:32:39] [main/INFO] [GradleStart]: Extra: []
[15:32:39] [main/INFO] [GradleStart]: Running with arguments: [--userProperties, {}, --username, TheChromeCrafter, --tweakClass, cpw.mods.fml.common.launcher.FMLTweaker, --accessToken, FML, --assetIndex, 1.7.10, --assetsDir, C:/Users/monto_000/.gradle/caches/minecraft/assets, --version, 1.7.10]
[15:32:39] [main/INFO] [LaunchWrapper]: Loading tweak class name cpw.mods.fml.common.launcher.FMLTweaker
[15:32:39] [main/INFO] [LaunchWrapper]: Using primary tweak class name cpw.mods.fml.common.launcher.FMLTweaker
[15:32:39] [main/INFO] [LaunchWrapper]: Calling tweak class cpw.mods.fml.common.launcher.FMLTweaker
[15:34:52] [main/INFO] [GradleStart]: username: TheChromeCrafter
[15:34:52] [main/INFO] [GradleStart]: Extra: []
[15:34:52] [main/INFO] [GradleStart]: Running with arguments: [--userProperties, {}, --username, TheChromeCrafter, --tweakClass, cpw.mods.fml.common.launcher.FMLTweaker, --accessToken, FML, --assetIndex, 1.7.10, --assetsDir, C:/Users/monto_000/.gradle/caches/minecraft/assets, --version, 1.7.10]
[15:34:52] [main/INFO] [LaunchWrapper]: Loading tweak class name cpw.mods.fml.common.launcher.FMLTweaker
[15:34:52] [main/INFO] [LaunchWrapper]: Using primary tweak class name cpw.mods.fml.common.launcher.FMLTweaker
[15:34:52] [main/INFO] [LaunchWrapper]: Calling tweak class cpw.mods.fml.common.launcher.FMLTweaker
[15:37:04] [main/INFO] [GradleStart]: username: TheChromeCrafter
[15:37:04] [main/INFO] [GradleStart]: Extra: []
[15:37:04] [main/INFO] [GradleStart]: Running with arguments: [--userProperties, {}, --username, TheChromeCrafter, --tweakClass, cpw.mods.fml.common.launcher.FMLTweaker, --accessToken, FML, --assetIndex, 1.7.10, --assetsDir, C:/Users/monto_000/.gradle/caches/minecraft/assets, --version, 1.7.10]
[15:37:04] [main/INFO] [LaunchWrapper]: Loading tweak class name cpw.mods.fml.common.launcher.FMLTweaker
[15:37:04] [main/INFO] [LaunchWrapper]: Using primary tweak class name cpw.mods.fml.common.launcher.FMLTweaker
[15:37:04] [main/INFO] [LaunchWrapper]: Calling tweak class cpw.mods.fml.common.launcher.FMLTweaker
[15:50:14] [main/INFO] [GradleStart]: username: TheChromeCrafter
[15:50:14] [main/INFO] [GradleStart]: Extra: []
[15:50:14] [main/INFO] [GradleStart]: Running with arguments: [--userProperties, {}, --username, TheChromeCrafter, --tweakClass, cpw.mods.fml.common.launcher.FMLTweaker, --accessToken, FML, --assetIndex, 1.7.10, --assetsDir, C:/Users/monto_000/.gradle/caches/minecraft/assets, --version, 1.7.10]
[15:50:14] [main/INFO] [LaunchWrapper]: Loading tweak class name cpw.mods.fml.common.launcher.FMLTweaker
[15:50:14] [main/INFO] [LaunchWrapper]: Using primary tweak class name cpw.mods.fml.common.launcher.FMLTweaker
[15:50:14] [main/INFO] [LaunchWrapper]: Calling tweak class cpw.mods.fml.common.launcher.FMLTweaker
[16:02:21] [main/INFO] [GradleStart]: username: TheChromeCrafter
[16:02:21] [main/INFO] [GradleStart]: Extra: []
[16:02:21] [main/INFO] [GradleStart]: Running with arguments: [--userProperties, {}, --username, TheChromeCrafter, --tweakClass, cpw.mods.fml.common.launcher.FMLTweaker, --accessToken, FML, --assetIndex, 1.7.10, --assetsDir, C:/Users/monto_000/.gradle/caches/minecraft/assets, --version, 1.7.10]
[16:02:21] [main/INFO] [LaunchWrapper]: Loading tweak class name cpw.mods.fml.common.launcher.FMLTweaker
[16:02:21] [main/INFO] [LaunchWrapper]: Using primary tweak class name cpw.mods.fml.common.launcher.FMLTweaker
[16:02:21] [main/INFO] [LaunchWrapper]: Calling tweak class cpw.mods.fml.common.launcher.FMLTweaker
[16:03:36] [main/INFO] [GradleStart]: username: TheChromeCrafter
[16:03:36] [main/INFO] [GradleStart]: Extra: []
[16:03:36] [main/INFO] [GradleStart]: Running with arguments: [--userProperties, {}, --username, TheChromeCrafter, --tweakClass, cpw.mods.fml.common.launcher.FMLTweaker, --accessToken, FML, --assetIndex, 1.7.10, --assetsDir, C:/Users/monto_000/.gradle/caches/minecraft/assets, --version, 1.7.10]
[16:03:36] [main/INFO] [LaunchWrapper]: Loading tweak class name cpw.mods.fml.common.launcher.FMLTweaker
[16:03:36] [main/INFO] [LaunchWrapper]: Using primary tweak class name cpw.mods.fml.common.launcher.FMLTweaker
[16:03:36] [main/INFO] [LaunchWrapper]: Calling tweak class cpw.mods.fml.common.launcher.FMLTweaker
[16:06:15] [main/INFO] [GradleStart]: username: TheChromeCrafter
[16:06:15] [main/INFO] [GradleStart]: assetsDir: C:\Users\monto_000\.gradle\caches\minecraft\assets
[16:06:15] [main/INFO] [GradleStart]: Extra: [--assetIndex1.7.10]
[16:06:15] [main/INFO] [GradleStart]: Running with arguments: [--userProperties, {}, --username, TheChromeCrafter, --tweakClass, cpw.mods.fml.common.launcher.FMLTweaker, --accessToken, FML, --assetIndex, 1.7.10, --assetsDir, C:\Users\monto_000\.gradle\caches\minecraft\assets, --version, 1.7.10, --assetIndex1.7.10]
[16:06:15] [main/INFO] [LaunchWrapper]: Loading tweak class name cpw.mods.fml.common.launcher.FMLTweaker
[16:06:15] [main/INFO] [LaunchWrapper]: Using primary tweak class name cpw.mods.fml.common.launcher.FMLTweaker
[16:06:15] [main/INFO] [LaunchWrapper]: Calling tweak class cpw.mods.fml.common.launcher.FMLTweaker
[16:26:36] [main/INFO] [GradleStart]: username: TheChromeCrafter
[16:26:36] [main/INFO] [GradleStart]: Extra: []
[16:26:36] [main/INFO] [GradleStart]: Running with arguments: [--userProperties, {}, --username, TheChromeCrafter, --tweakClass, cpw.mods.fml.common.launcher.FMLTweaker, --accessToken, FML, --assetIndex, 1.7.10, --assetsDir, C:/Users/monto_000/.gradle/caches/minecraft/assets, --version, 1.7.10]
[16:26:36] [main/INFO] [LaunchWrapper]: Loading tweak class name cpw.mods.fml.common.launcher.FMLTweaker
[16:26:36] [main/INFO] [LaunchWrapper]: Using primary tweak class name cpw.mods.fml.common.launcher.FMLTweaker
[16:26:36] [main/INFO] [LaunchWrapper]: Calling tweak class cpw.mods.fml.common.launcher.FMLTweaker
[16:27:38] [main/INFO] [GradleStart]: username: TheChromeCrafter
[16:27:38] [main/INFO] [GradleStart]: Extra: []
[16:27:38] [main/INFO] [GradleStart]: Running with arguments: [--userProperties, {}, --username, TheChromeCrafter, --tweakClass, cpw.mods.fml.common.launcher.FMLTweaker, --accessToken, FML, --assetIndex, 1.7.10, --assetsDir, C:/Users/monto_000/.gradle/caches/minecraft/assets, --version, 1.7.10]
[16:27:38] [main/INFO] [LaunchWrapper]: Loading tweak class name cpw.mods.fml.common.launcher.FMLTweaker
[16:27:38] [main/INFO] [LaunchWrapper]: Using primary tweak class name cpw.mods.fml.common.launcher.FMLTweaker
[16:27:38] [main/INFO] [LaunchWrapper]: Calling tweak class cpw.mods.fml.common.launcher.FMLTweaker
[16:29:27] [main/INFO] [GradleStart]: username: TheChromeCrafter
[16:29:27] [main/INFO] [GradleStart]: Extra: []
[16:29:27] [main/INFO] [GradleStart]: Running with arguments: [--userProperties, {}, --username, TheChromeCrafter, --tweakClass, cpw.mods.fml.common.launcher.FMLTweaker, --accessToken, FML, --assetIndex, 1.7.10, --assetsDir, C:/Users/monto_000/.gradle/caches/minecraft/assets, --version, 1.7.10]
[16:29:27] [main/INFO] [LaunchWrapper]: Loading tweak class name cpw.mods.fml.common.launcher.FMLTweaker
[16:29:27] [main/INFO] [LaunchWrapper]: Using primary tweak class name cpw.mods.fml.common.launcher.FMLTweaker
[16:29:27] [main/INFO] [LaunchWrapper]: Calling tweak class cpw.mods.fml.common.launcher.FMLTweaker
[16:31:04] [main/INFO] [GradleStart]: username: TheChromeCrafter
[16:31:04] [main/INFO] [GradleStart]: Extra: []
[16:31:04] [main/INFO] [GradleStart]: Running with arguments: [--userProperties, {}, --username, TheChromeCrafter, --tweakClass, cpw.mods.fml.common.launcher.FMLTweaker, --accessToken, FML, --assetIndex, 1.7.10, --assetsDir, C:/Users/monto_000/.gradle/caches/minecraft/assets, --version, 1.7.10]
[16:31:04] [main/INFO] [LaunchWrapper]: Loading tweak class name cpw.mods.fml.common.launcher.FMLTweaker
[16:31:04] [main/INFO] [LaunchWrapper]: Using primary tweak class name cpw.mods.fml.common.launcher.FMLTweaker
[16:31:04] [main/INFO] [LaunchWrapper]: Calling tweak class cpw.mods.fml.common.launcher.FMLTweaker
[16:34:13] [main/INFO] [GradleStart]: username: TheChromeCrafter
[16:34:13] [main/INFO] [GradleStart]: Extra: []
[16:34:13] [main/INFO] [GradleStart]: Running with arguments: [--userProperties, {}, --username, TheChromeCrafter, --tweakClass, cpw.mods.fml.common.launcher.FMLTweaker, --accessToken, FML, --assetIndex, 1.7.10, --assetsDir, C:/Users/monto_000/.gradle/caches/minecraft/assets, --version, 1.7.10]
[16:34:13] [main/INFO] [LaunchWrapper]: Loading tweak class name cpw.mods.fml.common.launcher.FMLTweaker
[16:34:13] [main/INFO] [LaunchWrapper]: Using primary tweak class name cpw.mods.fml.common.launcher.FMLTweaker
[16:34:13] [main/INFO] [LaunchWrapper]: Calling tweak class cpw.mods.fml.common.launcher.FMLTweaker
[16:49:53] [main/INFO] [GradleStart]: username: TheChromeCrafter
[16:49:53] [main/INFO] [GradleStart]: Extra: []
[16:49:53] [main/INFO] [GradleStart]: Running with arguments: [--userProperties, {}, --username, TheChromeCrafter, --tweakClass, cpw.mods.fml.common.launcher.FMLTweaker, --accessToken, FML, --assetIndex, 1.7.10, --assetsDir, C:/Users/monto_000/.gradle/caches/minecraft/assets, --version, 1.7.10]
[16:49:53] [main/INFO] [LaunchWrapper]: Loading tweak class name cpw.mods.fml.common.launcher.FMLTweaker
[16:49:53] [main/INFO] [LaunchWrapper]: Using primary tweak class name cpw.mods.fml.common.launcher.FMLTweaker
[16:49:53] [main/INFO] [LaunchWrapper]: Calling tweak class cpw.mods.fml.common.launcher.FMLTweaker
[16:57:58] [main/INFO] [GradleStart]: username: TheChromeCrafter
[16:57:58] [main/INFO] [GradleStart]: Extra: []
[16:57:58] [main/INFO] [GradleStart]: Running with arguments: [--userProperties, {}, --username, TheChromeCrafter, --tweakClass, cpw.mods.fml.common.launcher.FMLTweaker, --accessToken, FML, --assetIndex, 1.7.10, --assetsDir, C:/Users/monto_000/.gradle/caches/minecraft/assets, --version, 1.7.10]
[16:57:58] [main/INFO] [LaunchWrapper]: Loading tweak class name cpw.mods.fml.common.launcher.FMLTweaker
[16:57:58] [main/INFO] [LaunchWrapper]: Using primary tweak class name cpw.mods.fml.common.launcher.FMLTweaker
[16:57:58] [main/INFO] [LaunchWrapper]: Calling tweak class cpw.mods.fml.common.launcher.FMLTweaker
[16:58:37] [main/INFO] [GradleStart]: username: TheChromeCrafter
[16:58:37] [main/INFO] [GradleStart]: Extra: []
[16:58:37] [main/INFO] [GradleStart]: Running with arguments: [--userProperties, {}, --username, TheChromeCrafter, --tweakClass, cpw.mods.fml.common.launcher.FMLTweaker, --accessToken, FML, --assetIndex, 1.7.10, --assetsDir, C:/Users/monto_000/.gradle/caches/minecraft/assets, --version, 1.7.10]
[16:58:38] [main/INFO] [LaunchWrapper]: Loading tweak class name cpw.mods.fml.common.launcher.FMLTweaker
[16:58:38] [main/INFO] [LaunchWrapper]: Using primary tweak class name cpw.mods.fml.common.launcher.FMLTweaker
[16:58:38] [main/INFO] [LaunchWrapper]: Calling tweak class cpw.mods.fml.common.launcher.FMLTweaker
[17:00:42] [main/INFO] [GradleStart]: username: TheChromeCrafter
[17:00:42] [main/INFO] [GradleStart]: Extra: []
[17:00:42] [main/INFO] [GradleStart]: Running with arguments: [--userProperties, {}, --username, TheChromeCrafter, --tweakClass, cpw.mods.fml.common.launcher.FMLTweaker, --accessToken, FML, --assetIndex, 1.7.10, --assetsDir, C:/Users/monto_000/.gradle/caches/minecraft/assets, --version, 1.7.10]
[17:00:42] [main/INFO] [LaunchWrapper]: Loading tweak class name cpw.mods.fml.common.launcher.FMLTweaker
[17:00:42] [main/INFO] [LaunchWrapper]: Using primary tweak class name cpw.mods.fml.common.launcher.FMLTweaker
[17:00:42] [main/INFO] [LaunchWrapper]: Calling tweak class cpw.mods.fml.common.launcher.FMLTweaker
[17:06:43] [main/INFO] [GradleStart]: username: TheChromeCrafter
[17:06:43] [main/INFO] [GradleStart]: Extra: []
[17:06:43] [main/INFO] [GradleStart]: Running with arguments: [--userProperties, {}, --username, TheChromeCrafter, --tweakClass, cpw.mods.fml.common.launcher.FMLTweaker, --accessToken, FML, --assetIndex, 1.7.10, --assetsDir, C:/Users/monto_000/.gradle/caches/minecraft/assets, --version, 1.7.10]
[17:06:43] [main/INFO] [LaunchWrapper]: Loading tweak class name cpw.mods.fml.common.launcher.FMLTweaker
[17:06:43] [main/INFO] [LaunchWrapper]: Using primary tweak class name cpw.mods.fml.common.launcher.FMLTweaker
[17:06:43] [main/INFO] [LaunchWrapper]: Calling tweak class cpw.mods.fml.common.launcher.FMLTweaker
[17:16:30] [main/INFO] [GradleStart]: username: TheChromeCrafter
[17:16:30] [main/INFO] [GradleStart]: Extra: []
[17:16:30] [main/INFO] [GradleStart]: Running with arguments: [--userProperties, {}, --username, TheChromeCrafter, --tweakClass, cpw.mods.fml.common.launcher.FMLTweaker, --accessToken, FML, --assetIndex, 1.7.10, --assetsDir, C:/Users/monto_000/.gradle/caches/minecraft/assets, --version, 1.7.10]
[17:16:30] [main/INFO] [LaunchWrapper]: Loading tweak class name cpw.mods.fml.common.launcher.FMLTweaker
[17:16:30] [main/INFO] [LaunchWrapper]: Using primary tweak class name cpw.mods.fml.common.launcher.FMLTweaker
[17:16:30] [main/INFO] [LaunchWrapper]: Calling tweak class cpw.mods.fml.common.launcher.FMLTweaker
[17:17:54] [main/INFO] [GradleStart]: username: TheChromeCrafter
[17:17:54] [main/INFO] [GradleStart]: Extra: []
[17:17:54] [main/INFO] [GradleStart]: Running with arguments: [--userProperties, {}, --username, TheChromeCrafter, --tweakClass, cpw.mods.fml.common.launcher.FMLTweaker, --accessToken, FML, --assetIndex, 1.7.10, --assetsDir, C:/Users/monto_000/.gradle/caches/minecraft/assets, --version, 1.7.10]
[17:17:54] [main/INFO] [LaunchWrapper]: Loading tweak class name cpw.mods.fml.common.launcher.FMLTweaker
[17:17:54] [main/INFO] [LaunchWrapper]: Using primary tweak class name cpw.mods.fml.common.launcher.FMLTweaker
[17:17:54] [main/INFO] [LaunchWrapper]: Calling tweak class cpw.mods.fml.common.launcher.FMLTweaker
[17:18:30] [main/INFO] [GradleStart]: username: TheChromeCrafter
[17:18:30] [main/INFO] [GradleStart]: Extra: []
[17:18:30] [main/INFO] [GradleStart]: Running with arguments: [--userProperties, {}, --username, TheChromeCrafter, --tweakClass, cpw.mods.fml.common.launcher.FMLTweaker, --accessToken, FML, --assetIndex, 1.7.10, --assetsDir, C:/Users/monto_000/.gradle/caches/minecraft/assets, --version, 1.7.10]
[17:18:30] [main/INFO] [LaunchWrapper]: Loading tweak class name cpw.mods.fml.common.launcher.FMLTweaker
[17:18:30] [main/INFO] [LaunchWrapper]: Using primary tweak class name cpw.mods.fml.common.launcher.FMLTweaker
[17:18:30] [main/INFO] [LaunchWrapper]: Calling tweak class cpw.mods.fml.common.launcher.FMLTweaker
[17:19:30] [main/INFO] [GradleStart]: username: TheChromeCrafter
[17:19:30] [main/INFO] [GradleStart]: Extra: []
[17:19:31] [main/INFO] [GradleStart]: Running with arguments: [--userProperties, {}, --username, TheChromeCrafter, --tweakClass, cpw.mods.fml.common.launcher.FMLTweaker, --accessToken, FML, --assetIndex, 1.7.10, --assetsDir, C:/Users/monto_000/.gradle/caches/minecraft/assets, --version, 1.7.10]
[17:19:31] [main/INFO] [LaunchWrapper]: Loading tweak class name cpw.mods.fml.common.launcher.FMLTweaker
[17:19:31] [main/INFO] [LaunchWrapper]: Using primary tweak class name cpw.mods.fml.common.launcher.FMLTweaker
[17:19:31] [main/INFO] [LaunchWrapper]: Calling tweak class cpw.mods.fml.common.launcher.FMLTweaker
[17:22:28] [main/INFO] [GradleStart]: username: TheChromeCrafter
[17:22:28] [main/INFO] [GradleStart]: Extra: []
[17:22:28] [main/INFO] [GradleStart]: Running with arguments: [--userProperties, {}, --username, TheChromeCrafter, --tweakClass, cpw.mods.fml.common.launcher.FMLTweaker, --accessToken, FML, --assetIndex, 1.7.10, --assetsDir, C:/Users/monto_000/.gradle/caches/minecraft/assets, --version, 1.7.10]
[17:22:28] [main/INFO] [LaunchWrapper]: Loading tweak class name cpw.mods.fml.common.launcher.FMLTweaker
[17:22:28] [main/INFO] [LaunchWrapper]: Using primary tweak class name cpw.mods.fml.common.launcher.FMLTweaker
[17:22:28] [main/INFO] [LaunchWrapper]: Calling tweak class cpw.mods.fml.common.launcher.FMLTweaker
[17:24:46] [main/INFO] [GradleStart]: username: TheChromeCrafter
[17:24:46] [main/INFO] [GradleStart]: Extra: []
[17:24:46] [main/INFO] [GradleStart]: Running with arguments: [--userProperties, {}, --username, TheChromeCrafter, --tweakClass, cpw.mods.fml.common.launcher.FMLTweaker, --accessToken, FML, --assetIndex, 1.7.10, --assetsDir, C:/Users/monto_000/.gradle/caches/minecraft/assets, --version, 1.7.10]
[17:24:46] [main/INFO] [LaunchWrapper]: Loading tweak class name cpw.mods.fml.common.launcher.FMLTweaker
[17:24:46] [main/INFO] [LaunchWrapper]: Using primary tweak class name cpw.mods.fml.common.launcher.FMLTweaker
[17:24:46] [main/INFO] [LaunchWrapper]: Calling tweak class cpw.mods.fml.common.launcher.FMLTweaker
[17:35:20] [main/INFO] [GradleStart]: username: TheChromeCrafter
[17:35:20] [main/INFO] [GradleStart]: Extra: []
[17:35:20] [main/INFO] [GradleStart]: Running with arguments: [--userProperties, {}, --username, TheChromeCrafter, --tweakClass, cpw.mods.fml.common.launcher.FMLTweaker, --accessToken, FML, --assetIndex, 1.7.10, --assetsDir, C:/Users/monto_000/.gradle/caches/minecraft/assets, --version, 1.7.10]
[17:35:20] [main/INFO] [LaunchWrapper]: Loading tweak class name cpw.mods.fml.common.launcher.FMLTweaker
[17:35:20] [main/INFO] [LaunchWrapper]: Using primary tweak class name cpw.mods.fml.common.launcher.FMLTweaker
[17:35:20] [main/INFO] [LaunchWrapper]: Calling tweak class cpw.mods.fml.common.launcher.FMLTweaker
[17:36:30] [main/INFO] [GradleStart]: username: TheChromeCrafter
[17:36:30] [main/INFO] [GradleStart]: Extra: []
[17:36:30] [main/INFO] [GradleStart]: Running with arguments: [--userProperties, {}, --username, TheChromeCrafter, --tweakClass, cpw.mods.fml.common.launcher.FMLTweaker, --accessToken, FML, --assetIndex, 1.7.10, --assetsDir, C:/Users/monto_000/.gradle/caches/minecraft/assets, --version, 1.7.10]
[17:36:30] [main/INFO] [LaunchWrapper]: Loading tweak class name cpw.mods.fml.common.launcher.FMLTweaker
[17:36:30] [main/INFO] [LaunchWrapper]: Using primary tweak class name cpw.mods.fml.common.launcher.FMLTweaker
[17:36:30] [main/INFO] [LaunchWrapper]: Calling tweak class cpw.mods.fml.common.launcher.FMLTweaker
[17:40:30] [main/INFO] [GradleStart]: username: TheChromeCrafter
[17:40:30] [main/INFO] [GradleStart]: Extra: []
[17:40:30] [main/INFO] [GradleStart]: Running with arguments: [--userProperties, {}, --username, TheChromeCrafter, --tweakClass, cpw.mods.fml.common.launcher.FMLTweaker, --accessToken, FML, --assetIndex, 1.7.10, --assetsDir, C:/Users/monto_000/.gradle/caches/minecraft/assets, --version, 1.7.10]
[17:40:30] [main/INFO] [LaunchWrapper]: Loading tweak class name cpw.mods.fml.common.launcher.FMLTweaker
[17:40:30] [main/INFO] [LaunchWrapper]: Using primary tweak class name cpw.mods.fml.common.launcher.FMLTweaker
[17:40:30] [main/INFO] [LaunchWrapper]: Calling tweak class cpw.mods.fml.common.launcher.FMLTweaker
[17:42:39] [main/INFO] [GradleStart]: username: TheChromeCrafter
[17:42:39] [main/INFO] [GradleStart]: Extra: []
[17:42:39] [main/INFO] [GradleStart]: Running with arguments: [--userProperties, {}, --username, TheChromeCrafter, --tweakClass, cpw.mods.fml.common.launcher.FMLTweaker, --accessToken, FML, --assetIndex, 1.7.10, --assetsDir, C:/Users/monto_000/.gradle/caches/minecraft/assets, --version, 1.7.10]
[17:42:39] [main/INFO] [LaunchWrapper]: Loading tweak class name cpw.mods.fml.common.launcher.FMLTweaker
[17:42:39] [main/INFO] [LaunchWrapper]: Using primary tweak class name cpw.mods.fml.common.launcher.FMLTweaker
[17:42:39] [main/INFO] [LaunchWrapper]: Calling tweak class cpw.mods.fml.common.launcher.FMLTweaker
[17:43:03] [main/INFO] [GradleStart]: username: TheChromeCrafter
[17:43:03] [main/INFO] [GradleStart]: Extra: []
[17:43:03] [main/INFO] [GradleStart]: Running with arguments: [--userProperties, {}, --username, TheChromeCrafter, --tweakClass, cpw.mods.fml.common.launcher.FMLTweaker, --accessToken, FML, --assetIndex, 1.7.10, --assetsDir, C:/Users/monto_000/.gradle/caches/minecraft/assets, --version, 1.7.10]
[17:43:03] [main/INFO] [LaunchWrapper]: Loading tweak class name cpw.mods.fml.common.launcher.FMLTweaker
[17:43:03] [main/INFO] [LaunchWrapper]: Using primary tweak class name cpw.mods.fml.common.launcher.FMLTweaker
[17:43:03] [main/INFO] [LaunchWrapper]: Calling tweak class cpw.mods.fml.common.launcher.FMLTweaker
[17:44:16] [main/INFO] [GradleStart]: username: TheChromeCrafter
[17:44:16] [main/INFO] [GradleStart]: Extra: []
[17:44:16] [main/INFO] [GradleStart]: Running with arguments: [--userProperties, {}, --username, TheChromeCrafter, --tweakClass, cpw.mods.fml.common.launcher.FMLTweaker, --accessToken, FML, --assetIndex, 1.7.10, --assetsDir, C:/Users/monto_000/.gradle/caches/minecraft/assets, --version, 1.7.10]
[17:44:16] [main/INFO] [LaunchWrapper]: Loading tweak class name cpw.mods.fml.common.launcher.FMLTweaker
[17:44:16] [main/INFO] [LaunchWrapper]: Using primary tweak class name cpw.mods.fml.common.launcher.FMLTweaker
[17:44:16] [main/INFO] [LaunchWrapper]: Calling tweak class cpw.mods.fml.common.launcher.FMLTweaker
[17:48:32] [main/INFO] [GradleStart]: username: TheChromeCrafter
[17:48:32] [main/INFO] [GradleStart]: Extra: []
[17:48:32] [main/INFO] [GradleStart]: Running with arguments: [--userProperties, {}, --username, TheChromeCrafter, --tweakClass, cpw.mods.fml.common.launcher.FMLTweaker, --accessToken, FML, --assetIndex, 1.7.10, --assetsDir, C:/Users/monto_000/.gradle/caches/minecraft/assets, --version, 1.7.10]
[17:48:32] [main/INFO] [LaunchWrapper]: Loading tweak class name cpw.mods.fml.common.launcher.FMLTweaker
[17:48:32] [main/INFO] [LaunchWrapper]: Using primary tweak class name cpw.mods.fml.common.launcher.FMLTweaker
[17:48:32] [main/INFO] [LaunchWrapper]: Calling tweak class cpw.mods.fml.common.launcher.FMLTweaker
